<?xml version="1.0" encoding="UTF-8"?>
<!-- Generated by org.testng.reporters.JUnitReportReporter -->
<testsuite hostname="IN3320922W1" failures="0" tests="1" name="com.exploration.Exploration3" time="120.812" errors="0" timestamp="2022-11-25T11:44:22 IST" skipped="0">
  <testcase classname="com.exploration.Exploration3" name="ecommTesting" time="120.812"/>
  <system-out/>
</testsuite> <!-- com.exploration.Exploration3 -->
